<?xml version="1.0" encoding="UTF-8"?>
<!-- Generated by org.testng.reporters.JUnitReportReporter -->
<testsuite hostname="vijay" name="script.Worldbank" tests="1" failures="0" timestamp="18 Sep 2016 13:16:10 GMT" time="99.209" errors="0">
  <testcase name="testmain" time="99.209" classname="script.Worldbank"/>
</testsuite> <!-- script.Worldbank -->
